\BOOKMARK [0][-]{section*.1}{Dedication}{}
\BOOKMARK [0][-]{section*.2}{Acknowledgments}{}
\BOOKMARK [0][-]{section*.3}{Preface}{}
\BOOKMARK [0][-]{iv.0}{Table of Contents}{}
\BOOKMARK [0][-]{section*.6}{List of Figures}{}
\BOOKMARK [0][-]{section*.8}{List of Tables}{}
\BOOKMARK [0][-]{section*.10}{List of Programs}{}
\BOOKMARK [0][-]{section*.12}{List of Appendices}{}
\BOOKMARK [0][-]{section*.14}{List of Abbreviations}{}
\BOOKMARK [0][-]{section*.15}{Abstract}{}
\BOOKMARK [0][-]{chapter.1}{Introduction}{}
\BOOKMARK [0][-]{chapter.2}{Using This Template}{}
\BOOKMARK [1][-]{section.2.1}{General Usage}{chapter.2}
\BOOKMARK [1][-]{section.2.2}{Front Matter}{chapter.2}
\BOOKMARK [1][-]{section.2.3}{Text Portion}{chapter.2}
\BOOKMARK [0][-]{chapter.3}{Setting}{}
\BOOKMARK [1][-]{section.3.1}{Convergence Criteria}{chapter.3}
\BOOKMARK [1][-]{section.3.2}{Why we are doing it}{chapter.3}
\BOOKMARK [0][-]{section*.17}{Appendices}{}
\BOOKMARK [0][-]{Methods.0}{Methods}{}
\BOOKMARK [1][-]{section.A.1}{Bisection}{Methods.0}
\BOOKMARK [1][-]{section.A.2}{False Position}{Methods.0}
\BOOKMARK [0][-]{Using Appendices.0}{Using Appendices}{}
\BOOKMARK [0][-]{section*.20}{Bibliography}{}
